2024-06-30 20:23:49,286 :INFO : test_homeDemo :first name is Micky Mak
2024-06-30 20:23:55,285 :INFO : test_shop :getting all the card titles
2024-06-30 20:23:55,325 :INFO : test_shop :iphone X
2024-06-30 20:23:55,338 :INFO : test_shop :Samsung Note 8
2024-06-30 20:23:55,347 :INFO : test_shop :Nokia Edge
2024-06-30 20:23:55,357 :INFO : test_shop :Blackberry
2024-06-30 20:23:55,592 :INFO : test_shop :Entering country name as ind
2024-06-30 20:24:01,067 :INFO : test_shop :Text received from application is ×
Success! Thank you! Your order will be delivered in next few weeks :-).
2024-06-30 20:32:04,220 :INFO : test_homeDemo :first name is Micky Mak
2024-06-30 20:32:10,202 :INFO : test_shop :getting all the card titles
2024-06-30 20:32:10,235 :INFO : test_shop :iphone X
2024-06-30 20:32:10,245 :INFO : test_shop :Samsung Note 8
2024-06-30 20:32:10,258 :INFO : test_shop :Nokia Edge
2024-06-30 20:32:10,271 :INFO : test_shop :Blackberry
2024-06-30 20:32:10,515 :INFO : test_shop :Entering country name as ind
2024-06-30 20:32:15,994 :INFO : test_shop :Text received from application is ×
Success! Thank you! Your order will be delivered in next few weeks :-).
2024-06-30 20:33:32,852 :INFO : test_homeDemo :first name is Micky Mak
2024-06-30 20:33:39,058 :INFO : test_shop :getting all the card titles
2024-06-30 20:33:39,091 :INFO : test_shop :iphone X
2024-06-30 20:33:39,106 :INFO : test_shop :Samsung Note 8
2024-06-30 20:33:39,116 :INFO : test_shop :Nokia Edge
2024-06-30 20:33:39,129 :INFO : test_shop :Blackberry
2024-06-30 20:33:39,421 :INFO : test_shop :Entering country name as ind
2024-06-30 20:33:44,967 :INFO : test_shop :Text received from application is ×
Success! Thank you! Your order will be delivered in next few weeks :-).
